<?xml version="1.0" encoding="UTF-8"?>
<testsuite xmlns:xsi="http://www.w3.org/2001/XMLSchema-instance" xsi:noNamespaceSchemaLocation="https://maven.apache.org/surefire/maven-surefire-plugin/xsd/surefire-test-report-3.0.xsd" version="3.0" name="fizzbuzz.FizzBuzzTest" time="0.03" tests="6" errors="0" skipped="0" failures="0">
  <properties>
[...]
</properties>
  <testcase name="isNumberNotDividebleByThreeAndFive_whenNotDividebleByThreeAndFive_thanReturnStringNumber" classname="fizzbuzz.FizzBuzzTest" time="0.015"/>
  <testcase name="isNumberDividebleByThreeAndFive_whenDividebleByThreeAndFive_thanReturnStringFizzBuzz" classname="fizzbuzz.FizzBuzzTest" time="0.001"/>
  <testcase name="isNumberDividebleByThree_whenDividebleByThree_thanReturnStringFizz" classname="fizzbuzz.FizzBuzzTest" time="0"/>
  <testcase name="isNumbernotDividebleByFive_whenNotDividebleByFive_thanReturnStringNumber" classname="fizzbuzz.FizzBuzzTest" time="0"/>
  <testcase name="isNumberDividebleByFive_whenDividebleByFive_thanReturnStringBuzz" classname="fizzbuzz.FizzBuzzTest" time="0.001"/>
  <testcase name="isNumbernotDividebleByThree_whenNotDividebleByThree_thanReturnStringNumber" classname="fizzbuzz.FizzBuzzTest" time="0"/>
</testsuite>